<?xml version="1.0" encoding="UTF-8"?>
<!-- Generated by org.testng.reporters.JUnitReportReporter -->
<testsuite hostname="LAPTOP-E5ODO57A" name="WechatRegis.WechatLoinCase" tests="1" failures="0" timestamp="11 Mar 2018 09:36:53 GMT" time="4.924" errors="0">
  <testcase name="test" time="4.924" classname="WechatRegis.WechatLoinCase"/>
</testsuite> <!-- WechatRegis.WechatLoinCase -->
